# JRE version: 7.0_21-b02
# Java VM: OpenJDK 64-Bit Server VM (23.7-b01 mixed mode linux-amd64 compressed oops)
Heap
 PSYoungGen      total 109312K, used 4576K [0x00000000f8000000, 0x00000000ffcd0000, 0x0000000100000000)
  eden space 92736K, 4% used [0x00000000f8000000,0x00000000f8478068,0x00000000fda90000)
  from space 16576K, 0% used [0x00000000feca0000,0x00000000feca0000,0x00000000ffcd0000)
  to   space 17536K, 0% used [0x00000000fda90000,0x00000000fda90000,0x00000000febb0000)
 ParOldGen       total 64640K, used 34132K [0x00000000e8000000, 0x00000000ebf20000, 0x00000000f8000000)
  object space 64640K, 52% used [0x00000000e8000000,0x00000000ea1551a8,0x00000000ebf20000)
 PSPermGen       total 94848K, used 62440K [0x00000000d8000000, 0x00000000ddca0000, 0x00000000e8000000)
  object space 94848K, 65% used [0x00000000d8000000,0x00000000dbcfa368,0x00000000ddca0000)
GC Heap History (10 events):
Event: 185.854 GC heap before
{Heap before GC invocations=39 (full 5):
 PSYoungGen      total 110784K, used 91136K [0x00000000f8000000, 0x0000000100000000, 0x0000000100000000)
  eden space 91136K, 100% used [0x00000000f8000000,0x00000000fd900000,0x00000000fd900000)
  from space 19648K, 0% used [0x00000000fd900000,0x00000000fd900000,0x00000000fec30000)
  to   space 18688K, 0% used [0x00000000fedc0000,0x00000000fedc0000,0x0000000100000000)
 ParOldGen       total 64640K, used 25631K [0x00000000e8000000, 0x00000000ebf20000, 0x00000000f8000000)
  object space 64640K, 39% used [0x00000000e8000000,0x00000000e9907ff8,0x00000000ebf20000)
 PSPermGen       total 92480K, used 55656K [0x00000000d8000000, 0x00000000dda50000, 0x00000000e8000000)
  object space 92480K, 60% used [0x00000000d8000000,0x00000000db65a158,0x00000000dda50000)
Event: 185.866 GC heap after
Heap after GC invocations=39 (full 5):
 PSYoungGen      total 110720K, used 11938K [0x00000000f8000000, 0x00000000fff50000, 0x0000000100000000)
  eden space 92736K, 0% used [0x00000000f8000000,0x00000000f8000000,0x00000000fda90000)
  from space 17984K, 66% used [0x00000000fedc0000,0x00000000ff968b18,0x00000000fff50000)
  to   space 18816K, 0% used [0x00000000fda90000,0x00000000fda90000,0x00000000fecf0000)
 ParOldGen       total 64640K, used 25631K [0x00000000e8000000, 0x00000000ebf20000, 0x00000000f8000000)
  object space 64640K, 39% used [0x00000000e8000000,0x00000000e9907ff8,0x00000000ebf20000)
 PSPermGen       total 92480K, used 55656K [0x00000000d8000000, 0x00000000dda50000, 0x00000000e8000000)
  object space 92480K, 60% used [0x00000000d8000000,0x00000000db65a158,0x00000000dda50000)
}
Event: 209.604 GC heap before
{Heap before GC invocations=40 (full 5):
 PSYoungGen      total 110720K, used 56609K [0x00000000f8000000, 0x00000000fff50000, 0x0000000100000000)
  eden space 92736K, 48% used [0x00000000f8000000,0x00000000fab9fc10,0x00000000fda90000)
  from space 17984K, 66% used [0x00000000fedc0000,0x00000000ff968b18,0x00000000fff50000)
  to   space 18816K, 0% used [0x00000000fda90000,0x00000000fda90000,0x00000000fecf0000)
 ParOldGen       total 64640K, used 25631K [0x00000000e8000000, 0x00000000ebf20000, 0x00000000f8000000)
  object space 64640K, 39% used [0x00000000e8000000,0x00000000e9907ff8,0x00000000ebf20000)
 PSPermGen       total 92480K, used 58984K [0x00000000d8000000, 0x00000000dda50000, 0x00000000e8000000)
  object space 92480K, 63% used [0x00000000d8000000,0x00000000db99a3b8,0x00000000dda50000)
Event: 209.623 GC heap after
Heap after GC invocations=40 (full 5):
 PSYoungGen      total 98240K, used 5462K [0x00000000f8000000, 0x00000000ffeb0000, 0x0000000100000000)
  eden space 92736K, 0% used [0x00000000f8000000,0x00000000f8000000,0x00000000fda90000)
  from space 5504K, 99% used [0x00000000fda90000,0x00000000fdfe5bf8,0x00000000fdff0000)
  to   space 18496K, 0% used [0x00000000feca0000,0x00000000feca0000,0x00000000ffeb0000)
 ParOldGen       total 64640K, used 32228K [0x00000000e8000000, 0x00000000ebf20000, 0x00000000f8000000)
  object space 64640K, 49% used [0x00000000e8000000,0x00000000e9f79068,0x00000000ebf20000)
 PSPermGen       total 92480K, used 58984K [0x00000000d8000000, 0x00000000dda50000, 0x00000000e8000000)
  object space 92480K, 63% used [0x00000000d8000000,0x00000000db99a3b8,0x00000000dda50000)
}
Event: 209.623 GC heap before
{Heap before GC invocations=41 (full 6):
 PSYoungGen      total 98240K, used 5462K [0x00000000f8000000, 0x00000000ffeb0000, 0x0000000100000000)
  eden space 92736K, 0% used [0x00000000f8000000,0x00000000f8000000,0x00000000fda90000)
  from space 5504K, 99% used [0x00000000fda90000,0x00000000fdfe5bf8,0x00000000fdff0000)
  to   space 18496K, 0% used [0x00000000feca0000,0x00000000feca0000,0x00000000ffeb0000)
 ParOldGen       total 64640K, used 32228K [0x00000000e8000000, 0x00000000ebf20000, 0x00000000f8000000)
  object space 64640K, 49% used [0x00000000e8000000,0x00000000e9f79068,0x00000000ebf20000)
 PSPermGen       total 92480K, used 58984K [0x00000000d8000000, 0x00000000dda50000, 0x00000000e8000000)
  object space 92480K, 63% used [0x00000000d8000000,0x00000000db99a3b8,0x00000000dda50000)
Event: 209.740 GC heap after
Heap after GC invocations=41 (full 6):
 PSYoungGen      total 98240K, used 0K [0x00000000f8000000, 0x00000000ffeb0000, 0x0000000100000000)
  eden space 92736K, 0% used [0x00000000f8000000,0x00000000f8000000,0x00000000fda90000)
  from space 5504K, 0% used [0x00000000fda90000,0x00000000fda90000,0x00000000fdff0000)
  to   space 18496K, 0% used [0x00000000feca0000,0x00000000feca0000,0x00000000ffeb0000)
 ParOldGen       total 64640K, used 28911K [0x00000000e8000000, 0x00000000ebf20000, 0x00000000f8000000)
  object space 64640K, 44% used [0x00000000e8000000,0x00000000e9c3bc68,0x00000000ebf20000)
 PSPermGen       total 95552K, used 58980K [0x00000000d8000000, 0x00000000ddd50000, 0x00000000e8000000)
  object space 95552K, 61% used [0x00000000d8000000,0x00000000db999288,0x00000000ddd50000)
}
Event: 270.420 GC heap before
{Heap before GC invocations=42 (full 6):
 PSYoungGen      total 98240K, used 70792K [0x00000000f8000000, 0x00000000ffeb0000, 0x0000000100000000)
  eden space 92736K, 76% used [0x00000000f8000000,0x00000000fc522090,0x00000000fda90000)
  from space 5504K, 0% used [0x00000000fda90000,0x00000000fda90000,0x00000000fdff0000)
  to   space 18496K, 0% used [0x00000000feca0000,0x00000000feca0000,0x00000000ffeb0000)
 ParOldGen       total 64640K, used 28911K [0x00000000e8000000, 0x00000000ebf20000, 0x00000000f8000000)
  object space 64640K, 44% used [0x00000000e8000000,0x00000000e9c3bc68,0x00000000ebf20000)
 PSPermGen       total 95552K, used 61856K [0x00000000d8000000, 0x00000000ddd50000, 0x00000000e8000000)
  object space 95552K, 64% used [0x00000000d8000000,0x00000000dbc68150,0x00000000ddd50000)
Event: 270.433 GC heap after
Heap after GC invocations=42 (full 6):
 PSYoungGen      total 109312K, used 8759K [0x00000000f8000000, 0x00000000ffcd0000, 0x0000000100000000)
  eden space 92736K, 0% used [0x00000000f8000000,0x00000000f8000000,0x00000000fda90000)
  from space 16576K, 52% used [0x00000000feca0000,0x00000000ff52dd38,0x00000000ffcd0000)
  to   space 17536K, 0% used [0x00000000fda90000,0x00000000fda90000,0x00000000febb0000)
 ParOldGen       total 64640K, used 28911K [0x00000000e8000000, 0x00000000ebf20000, 0x00000000f8000000)
  object space 64640K, 44% used [0x00000000e8000000,0x00000000e9c3bc68,0x00000000ebf20000)
 PSPermGen       total 95552K, used 61856K [0x00000000d8000000, 0x00000000ddd50000, 0x00000000e8000000)
  object space 95552K, 64% used [0x00000000d8000000,0x00000000dbc68150,0x00000000ddd50000)
}
Event: 270.433 GC heap before
{Heap before GC invocations=43 (full 7):
 PSYoungGen      total 109312K, used 8759K [0x00000000f8000000, 0x00000000ffcd0000, 0x0000000100000000)
  eden space 92736K, 0% used [0x00000000f8000000,0x00000000f8000000,0x00000000fda90000)
  from space 16576K, 52% used [0x00000000feca0000,0x00000000ff52dd38,0x00000000ffcd0000)
  to   space 17536K, 0% used [0x00000000fda90000,0x00000000fda90000,0x00000000febb0000)
 ParOldGen       total 64640K, used 28911K [0x00000000e8000000, 0x00000000ebf20000, 0x00000000f8000000)
  object space 64640K, 44% used [0x00000000e8000000,0x00000000e9c3bc68,0x00000000ebf20000)
 PSPermGen       total 95552K, used 61856K [0x00000000d8000000, 0x00000000ddd50000, 0x00000000e8000000)
  object space 95552K, 64% used [0x00000000d8000000,0x00000000dbc68150,0x00000000ddd50000)
Event: 270.551 GC heap after
Heap after GC invocations=43 (full 7):
 PSYoungGen      total 109312K, used 0K [0x00000000f8000000, 0x00000000ffcd0000, 0x0000000100000000)
  eden space 92736K, 0% used [0x00000000f8000000,0x00000000f8000000,0x00000000fda90000)
  from space 16576K, 0% used [0x00000000feca0000,0x00000000feca0000,0x00000000ffcd0000)
  to   space 17536K, 0% used [0x00000000fda90000,0x00000000fda90000,0x00000000febb0000)
 ParOldGen       total 64640K, used 34132K [0x00000000e8000000, 0x00000000ebf20000, 0x00000000f8000000)
  object space 64640K, 52% used [0x00000000e8000000,0x00000000ea1551a8,0x00000000ebf20000)
 PSPermGen       total 94848K, used 61854K [0x00000000d8000000, 0x00000000ddca0000, 0x00000000e8000000)
  object space 94848K, 65% used [0x00000000d8000000,0x00000000dbc67b08,0x00000000ddca0000)
}

